<?xml version="1.0" encoding="UTF-8"?>
<testsuite xmlns:xsi="http://www.w3.org/2001/XMLSchema-instance" xsi:noNamespaceSchemaLocation="https://maven.apache.org/surefire/maven-surefire-plugin/xsd/surefire-test-report-3.0.xsd" version="3.0" name="com.prashanth.service.MovieServiceImplTest" time="0.001" tests="4" errors="0" skipped="0" failures="0">
  <properties>
[...]
</properties>
  <testcase name="GetAllMovieList" classname="com.prashanth.service.MovieServiceImplTest" time="0"/>
  <testcase name="AddMovie" classname="com.prashanth.service.MovieServiceImplTest" time="0"/>
  <testcase name="GetMovieById" classname="com.prashanth.service.MovieServiceImplTest" time="0"/>
  <testcase name="testUpdateMovieDetails" classname="com.prashanth.service.MovieServiceImplTest" time="0"/>
</testsuite>